<?xml version="1.0" encoding="UTF-8"?>
<robot generator="Robot 4.1 (Python 3.7.16 on darwin)" generated="20230214 17:19:21.795" rpa="false" schemaversion="2">
<suite id="s1" name="Crm" source="/Volumes/M/robot-scripts/crm/tests/crm.robot">
<test id="s1-t1" name="Should be able to add new customer">
<kw name="Set Selenium Speed" library="SeleniumLibrary">
<arg>.2s</arg>
<doc>Sets the delay that is waited after each Selenium command.</doc>
<status status="PASS" starttime="20230214 17:19:22.112" endtime="20230214 17:19:22.113"/>
</kw>
<kw name="Set Selenium Timeout" library="SeleniumLibrary">
<arg>10s</arg>
<doc>Sets the timeout that is used by various keywords.</doc>
<status status="PASS" starttime="20230214 17:19:22.114" endtime="20230214 17:19:22.115"/>
</kw>
<kw name="Log" library="BuiltIn">
<arg>Starting the test case!</arg>
<doc>Logs the given message with the given level.</doc>
<msg timestamp="20230214 17:19:22.115" level="INFO">Starting the test case!</msg>
<status status="PASS" starttime="20230214 17:19:22.115" endtime="20230214 17:19:22.115"/>
</kw>
<kw name="Open Browser" library="SeleniumLibrary">
<arg>http://automationplayground.com/crm/</arg>
<arg>safari</arg>
<doc>Opens a new browser instance to the optional ``url``.</doc>
<msg timestamp="20230214 17:19:22.116" level="INFO">Opening browser 'safari' to base url 'http://automationplayground.com/crm/'.</msg>
<msg timestamp="20230214 17:19:25.600" level="INFO">Cannot capture screenshot because no browser is open.</msg>
<msg timestamp="20230214 17:19:25.617" level="FAIL">SessionNotCreatedException: Message: Could not create a session: You must enable the 'Allow Remote Automation' option in Safari's Develop menu to control Safari via WebDriver.
</msg>
<status status="FAIL" starttime="20230214 17:19:22.116" endtime="20230214 17:19:25.617"/>
</kw>
<kw name="Set Window Position" library="SeleniumLibrary">
<arg>x=10</arg>
<arg>y=169</arg>
<doc>Sets window position using ``x`` and ``y`` coordinates.</doc>
<status status="NOT RUN" starttime="20230214 17:19:25.619" endtime="20230214 17:19:25.619"/>
</kw>
<kw name="Set Window Size" library="SeleniumLibrary">
<arg>width=1600</arg>
<arg>height=1090</arg>
<doc>Sets current windows size to given ``width`` and ``height``.</doc>
<status status="NOT RUN" starttime="20230214 17:19:25.620" endtime="20230214 17:19:25.620"/>
</kw>
<kw name="Sleep" library="BuiltIn">
<arg>3s</arg>
<doc>Pauses the test executed for the given time.</doc>
<status status="NOT RUN" starttime="20230214 17:19:25.620" endtime="20230214 17:19:25.620"/>
</kw>
<kw name="Close Browser" library="SeleniumLibrary">
<doc>Closes the current browser.</doc>
<status status="NOT RUN" starttime="20230214 17:19:25.621" endtime="20230214 17:19:25.621"/>
</kw>
<doc>This is some basic info about the test</doc>
<tag>1006</tag>
<tag>Contacts</tag>
<tag>Smoke</tag>
<status status="FAIL" starttime="20230214 17:19:22.109" endtime="20230214 17:19:25.621">SessionNotCreatedException: Message: Could not create a session: You must enable the 'Allow Remote Automation' option in Safari's Develop menu to control Safari via WebDriver.
</status>
</test>
<doc>This is the basic info about the whole suite</doc>
<status status="FAIL" starttime="20230214 17:19:21.797" endtime="20230214 17:19:25.623"/>
</suite>
<statistics>
<total>
<stat pass="0" fail="1" skip="0">All Tests</stat>
</total>
<tag>
<stat pass="0" fail="1" skip="0">1006</stat>
<stat pass="0" fail="1" skip="0">Contacts</stat>
<stat pass="0" fail="1" skip="0">Smoke</stat>
</tag>
<suite>
<stat pass="0" fail="1" skip="0" id="s1" name="Crm">Crm</stat>
</suite>
</statistics>
<errors>
</errors>
</robot>
